{
  "RSpec": {
    "coverage": {
      "/home/hannu/Desktop/rubyOnRails/ratebeer/app/helpers/application_helper.rb": [
        1,
        null
      ],
      "/home/hannu/Desktop/rubyOnRails/ratebeer/app/helpers/beer_clubs_helper.rb": [
        1,
        null
      ],
      "/home/hannu/Desktop/rubyOnRails/ratebeer/app/helpers/beers_helper.rb": [
        1,
        null
      ],
      "/home/hannu/Desktop/rubyOnRails/ratebeer/app/helpers/breweries_helper.rb": [
        1,
        null
      ],
      "/home/hannu/Desktop/rubyOnRails/ratebeer/app/helpers/memberships_helper.rb": [
        1,
        null
      ],
      "/home/hannu/Desktop/rubyOnRails/ratebeer/app/helpers/users_helper.rb": [
        1,
        null
      ],
      "/home/hannu/Desktop/rubyOnRails/ratebeer/app/models/beer.rb": [
        1,
        1,
        null,
        1,
        1,
        1,
        null,
        1,
        1,
        null,
        1,
        1,
        1,
        1,
        null,
        null,
        1,
        0,
        null,
        0,
        null,
        null,
        1,
        2,
        null,
        null
      ],
      "/home/hannu/Desktop/rubyOnRails/ratebeer/app/models/application_record.rb": [
        1,
        1,
        null
      ],
      "/home/hannu/Desktop/rubyOnRails/ratebeer/app/models/concerns/rating_average.rb": [
        1,
        1,
        null,
        1,
        16,
        16,
        16,
        null,
        null
      ],
      "/home/hannu/Desktop/rubyOnRails/ratebeer/app/models/user.rb": [
        1,
        1,
        null,
        1,
        1,
        1,
        1,
        1,
        null,
        1,
        null,
        1,
        null,
        1,
        3,
        null,
        2,
        null,
        null,
        1,
        19,
        null,
        13,
        null,
        null,
        1,
        17,
        null,
        13,
        null,
        null,
        1,
        164,
        null,
        null,
        1,
        136,
        null,
        null,
        1,
        47,
        null,
        null,
        1,
        47,
        null,
        null,
        1,
        13,
        23,
        null,
        null,
        1,
        13,
        25,
        null,
        null
      ],
      "/home/hannu/Desktop/rubyOnRails/ratebeer/app/models/brewery.rb": [
        1,
        1,
        null,
        1,
        1,
        null,
        1,
        1,
        null,
        1,
        null,
        1,
        39,
        null,
        null,
        1,
        0,
        0,
        0,
        null,
        null,
        1,
        0,
        0,
        null,
        null,
        1,
        0,
        0,
        0,
        null,
        null,
        1,
        3,
        null,
        null
      ],
      "/home/hannu/Desktop/rubyOnRails/ratebeer/app/controllers/sessions_controller.rb": [
        1,
        1,
        null,
        null,
        null,
        1,
        9,
        null,
        9,
        8,
        8,
        null,
        1,
        null,
        null,
        null,
        1,
        null,
        0,
        null,
        0,
        null,
        null
      ],
      "/home/hannu/Desktop/rubyOnRails/ratebeer/app/controllers/application_controller.rb": [
        1,
        null,
        1,
        null,
        1,
        218,
        null,
        156,
        null,
        null,
        1,
        4,
        null,
        null
      ],
      "/home/hannu/Desktop/rubyOnRails/ratebeer/app/controllers/users_controller.rb": [
        1,
        1,
        null,
        null,
        null,
        1,
        0,
        null,
        null,
        null,
        null,
        1,
        null,
        null,
        null,
        1,
        1,
        null,
        null,
        null,
        1,
        null,
        null,
        null,
        null,
        1,
        1,
        null,
        1,
        1,
        2,
        1,
        null,
        0,
        0,
        null,
        null,
        null,
        null,
        null,
        null,
        1,
        0,
        0,
        0,
        0,
        null,
        0,
        0,
        null,
        null,
        null,
        null,
        null,
        null,
        1,
        0,
        0,
        0,
        0,
        null,
        null,
        null,
        1,
        null,
        null,
        1,
        15,
        null,
        null,
        null,
        1,
        1,
        null,
        null
      ],
      "/home/hannu/Desktop/rubyOnRails/ratebeer/app/models/rating.rb": [
        1,
        1,
        1,
        null,
        1,
        null,
        null,
        null,
        1,
        32,
        null,
        null
      ],
      "/home/hannu/Desktop/rubyOnRails/ratebeer/app/models/membership.rb": [
        1,
        1,
        1,
        null
      ],
      "/home/hannu/Desktop/rubyOnRails/ratebeer/app/models/beer_club.rb": [
        1,
        1,
        1,
        null
      ],
      "/home/hannu/Desktop/rubyOnRails/ratebeer/app/controllers/beers_controller.rb": [
        1,
        1,
        1,
        1,
        null,
        null,
        null,
        1,
        2,
        null,
        null,
        null,
        null,
        1,
        0,
        0,
        null,
        null,
        null,
        1,
        2,
        null,
        null,
        null,
        1,
        null,
        null,
        null,
        null,
        1,
        2,
        null,
        2,
        2,
        2,
        1,
        null,
        1,
        1,
        2,
        1,
        null,
        null,
        null,
        null,
        null,
        null,
        1,
        0,
        0,
        0,
        0,
        null,
        0,
        0,
        null,
        null,
        null,
        null,
        null,
        null,
        1,
        0,
        0,
        0,
        0,
        null,
        null,
        null,
        1,
        null,
        null,
        1,
        0,
        null,
        null,
        null,
        1,
        2,
        null,
        null,
        1,
        4,
        4,
        null,
        null
      ],
      "/home/hannu/Desktop/rubyOnRails/ratebeer/app/controllers/breweries_controller.rb": [
        1,
        1,
        1,
        null,
        null,
        null,
        1,
        3,
        null,
        null,
        null,
        null,
        1,
        null,
        null,
        null,
        1,
        0,
        null,
        null,
        null,
        1,
        null,
        null,
        null,
        null,
        1,
        0,
        null,
        0,
        0,
        0,
        0,
        null,
        0,
        0,
        null,
        null,
        null,
        null,
        null,
        null,
        1,
        0,
        0,
        0,
        0,
        null,
        0,
        0,
        null,
        null,
        null,
        null,
        null,
        null,
        1,
        0,
        0,
        0,
        0,
        null,
        null,
        null,
        null,
        null,
        null,
        1,
        1,
        null,
        null,
        null,
        1,
        0,
        null,
        null
      ],
      "/home/hannu/Desktop/rubyOnRails/ratebeer/lib/beermapping_api.rb": [
        1,
        1,
        5,
        10,
        null,
        null,
        1,
        5,
        null,
        0,
        0,
        null,
        0,
        null,
        0,
        0,
        0,
        null,
        null,
        null,
        1,
        5,
        null,
        0,
        null,
        null,
        null,
        null,
        null,
        null
      ],
      "/home/hannu/Desktop/rubyOnRails/ratebeer/app/models/place.rb": [
        1,
        1,
        2,
        null,
        null
      ],
      "/home/hannu/Desktop/rubyOnRails/ratebeer/app/controllers/places_controller.rb": [
        1,
        1,
        null,
        null,
        1,
        3,
        3,
        1,
        null,
        2,
        2,
        null,
        null,
        null,
        1,
        0,
        0,
        0,
        0,
        0,
        null,
        null,
        null,
        null
      ],
      "/home/hannu/Desktop/rubyOnRails/ratebeer/app/controllers/ratings_controller.rb": [
        1,
        1,
        1,
        1,
        null,
        1,
        1,
        null,
        0,
        0,
        null,
        null,
        null,
        1,
        1,
        null,
        null,
        1,
        1,
        1,
        null,
        null,
        1,
        1,
        1,
        1,
        null,
        null
      ],
      "/home/hannu/Desktop/rubyOnRails/ratebeer/app/controllers/beer_clubs_controller.rb": [
        0,
        0,
        0,
        null,
        null,
        null,
        0,
        0,
        0,
        null,
        null,
        null,
        0,
        0,
        0,
        0,
        0,
        0,
        0,
        0,
        null,
        null,
        0,
        0,
        0,
        null,
        null,
        0,
        0,
        null,
        null,
        null,
        0,
        0,
        null,
        0,
        0,
        0,
        0,
        0,
        0,
        0,
        0,
        0,
        0,
        null,
        null,
        null,
        0,
        0,
        0,
        0,
        0,
        0,
        0,
        0,
        0,
        0,
        0,
        null,
        null,
        null,
        0,
        0,
        0,
        0,
        0,
        0,
        0,
        null,
        0,
        null,
        null,
        0,
        0,
        0,
        null,
        null,
        0,
        0,
        0,
        0
      ],
      "/home/hannu/Desktop/rubyOnRails/ratebeer/app/controllers/memberships_controller.rb": [
        0,
        0,
        null,
        null,
        null,
        0,
        0,
        0,
        null,
        null,
        null,
        0,
        0,
        null,
        null,
        0,
        0,
        0,
        0,
        null,
        null,
        0,
        0,
        null,
        null,
        null,
        0,
        0,
        null,
        0,
        0,
        0,
        0,
        0,
        0,
        0,
        0,
        0,
        0,
        null,
        null,
        null,
        0,
        0,
        0,
        0,
        0,
        0,
        0,
        0,
        0,
        0,
        0,
        null,
        null,
        null,
        0,
        0,
        0,
        0,
        0,
        0,
        0,
        null,
        0,
        null,
        null,
        0,
        0,
        0,
        null,
        null,
        0,
        0,
        0,
        0
      ],
      "/home/hannu/Desktop/rubyOnRails/ratebeer/app/jobs/application_job.rb": [
        0,
        0
      ],
      "/home/hannu/Desktop/rubyOnRails/ratebeer/app/mailers/application_mailer.rb": [
        0,
        0,
        0,
        0
      ],
      "/home/hannu/Desktop/rubyOnRails/ratebeer/app/channels/application_cable/channel.rb": [
        0,
        0,
        0,
        0
      ],
      "/home/hannu/Desktop/rubyOnRails/ratebeer/app/channels/application_cable/connection.rb": [
        0,
        0,
        0,
        0
      ]
    },
    "timestamp": 1538816873
  }
}
